<?xml version="1.0" encoding="UTF-8"?>
<testsuite xmlns:xsi="http://www.w3.org/2001/XMLSchema-instance" xsi:noNamespaceSchemaLocation="https://maven.apache.org/surefire/maven-surefire-plugin/xsd/surefire-test-report-3.0.xsd" version="3.0" name="BecasUCBTest" time="55.303" tests="1" errors="0" skipped="0" failures="0">
  <properties>
[...]
</properties>
  <testcase name="ingresarASeccionBecasTest" classname="BecasUCBTest" time="8.154">
    <system-out><![CDATA[Se ingreso correctamente a la pagina principal de la UCB.
Titulo de la pagina: Universidad Católica Boliviana "San Pablo" Sede La Paz | U.C.B. La Paz
Texto encontrado en el menu: Becas
URL actual despues del click: https://lpz.ucb.edu.bo/becas/
Resultado esperado cumplido: Se visualiza informacion relacionada con Becas.
]]></system-out>
    <system-err><![CDATA[SLF4J: Failed to load class "org.slf4j.impl.StaticLoggerBinder".
SLF4J: Defaulting to no-operation (NOP) logger implementation
SLF4J: See http://www.slf4j.org/codes.html#StaticLoggerBinder for further details.
]]></system-err>
  </testcase>
</testsuite>